# JRE version: OpenJDK Runtime Environment (8.0_202-b03) (build 1.8.0_202-release-1483-b03)
# Java VM: OpenJDK 64-Bit Server VM (25.202-b03 mixed mode windows-amd64 compressed oops)
Heap:
 PSYoungGen      total 335360K, used 30716K [0x00000000e0000000, 0x00000000f7580000, 0x0000000100000000)
  eden space 304640K, 0% used [0x00000000e0000000,0x00000000e0000000,0x00000000f2980000)
  from space 30720K, 99% used [0x00000000f2980000,0x00000000f477f3f0,0x00000000f4780000)
  to   space 36352K, 0% used [0x00000000f5200000,0x00000000f5200000,0x00000000f7580000)
 ParOldGen       total 168960K, used 61380K [0x00000000a0000000, 0x00000000aa500000, 0x00000000e0000000)
  object space 168960K, 36% used [0x00000000a0000000,0x00000000a3bf1170,0x00000000aa500000)
 Metaspace       used 154132K, capacity 163810K, committed 163928K, reserved 1191936K
  class space    used 19581K, capacity 21267K, committed 21376K, reserved 1048576K
GC Heap History (10 events):
Event: 9659.746 GC heap after
Heap after GC invocations=33 (full 4):
 PSYoungGen      total 319488K, used 7717K [0x00000000e0000000, 0x00000000f6480000, 0x0000000100000000)
  eden space 286720K, 0% used [0x00000000e0000000,0x00000000e0000000,0x00000000f1800000)
  from space 32768K, 23% used [0x00000000f1800000,0x00000000f1f896d8,0x00000000f3800000)
  to   space 32256K, 0% used [0x00000000f4500000,0x00000000f4500000,0x00000000f6480000)
 ParOldGen       total 168960K, used 57951K [0x00000000a0000000, 0x00000000aa500000, 0x00000000e0000000)
  object space 168960K, 34% used [0x00000000a0000000,0x00000000a3897e10,0x00000000aa500000)
 Metaspace       used 132619K, capacity 139808K, committed 140120K, reserved 1171456K
  class space    used 16891K, capacity 18215K, committed 18304K, reserved 1048576K
}
Event: 10220.579 GC heap before
{Heap before GC invocations=34 (full 4):
 PSYoungGen      total 319488K, used 294435K [0x00000000e0000000, 0x00000000f6480000, 0x0000000100000000)
  eden space 286720K, 99% used [0x00000000e0000000,0x00000000f17ff698,0x00000000f1800000)
  from space 32768K, 23% used [0x00000000f1800000,0x00000000f1f896d8,0x00000000f3800000)
  to   space 32256K, 0% used [0x00000000f4500000,0x00000000f4500000,0x00000000f6480000)
 ParOldGen       total 168960K, used 57951K [0x00000000a0000000, 0x00000000aa500000, 0x00000000e0000000)
  object space 168960K, 34% used [0x00000000a0000000,0x00000000a3897e10,0x00000000aa500000)
 Metaspace       used 133647K, capacity 142024K, committed 142168K, reserved 1173504K
  class space    used 17064K, capacity 18519K, committed 18560K, reserved 1048576K
Event: 10220.605 GC heap after
Heap after GC invocations=34 (full 4):
 PSYoungGen      total 323584K, used 10950K [0x00000000e0000000, 0x00000000f5e80000, 0x0000000100000000)
  eden space 297472K, 0% used [0x00000000e0000000,0x00000000e0000000,0x00000000f2280000)
  from space 26112K, 41% used [0x00000000f4500000,0x00000000f4fb1b60,0x00000000f5e80000)
  to   space 30720K, 0% used [0x00000000f2280000,0x00000000f2280000,0x00000000f4080000)
 ParOldGen       total 168960K, used 57959K [0x00000000a0000000, 0x00000000aa500000, 0x00000000e0000000)
  object space 168960K, 34% used [0x00000000a0000000,0x00000000a3899e10,0x00000000aa500000)
 Metaspace       used 133647K, capacity 142024K, committed 142168K, reserved 1173504K
  class space    used 17064K, capacity 18519K, committed 18560K, reserved 1048576K
}
Event: 10266.825 GC heap before
{Heap before GC invocations=35 (full 4):
 PSYoungGen      total 323584K, used 308422K [0x00000000e0000000, 0x00000000f5e80000, 0x0000000100000000)
  eden space 297472K, 100% used [0x00000000e0000000,0x00000000f2280000,0x00000000f2280000)
  from space 26112K, 41% used [0x00000000f4500000,0x00000000f4fb1b60,0x00000000f5e80000)
  to   space 30720K, 0% used [0x00000000f2280000,0x00000000f2280000,0x00000000f4080000)
 ParOldGen       total 168960K, used 57959K [0x00000000a0000000, 0x00000000aa500000, 0x00000000e0000000)
  object space 168960K, 34% used [0x00000000a0000000,0x00000000a3899e10,0x00000000aa500000)
 Metaspace       used 134052K, capacity 142606K, committed 142680K, reserved 1173504K
  class space    used 17082K, capacity 18552K, committed 18560K, reserved 1048576K
Event: 10266.851 GC heap after
Heap after GC invocations=35 (full 4):
 PSYoungGen      total 328192K, used 16226K [0x00000000e0000000, 0x00000000f6680000, 0x0000000100000000)
  eden space 297472K, 0% used [0x00000000e0000000,0x00000000e0000000,0x00000000f2280000)
  from space 30720K, 52% used [0x00000000f2280000,0x00000000f3258970,0x00000000f4080000)
  to   space 30208K, 0% used [0x00000000f4900000,0x00000000f4900000,0x00000000f6680000)
 ParOldGen       total 168960K, used 57967K [0x00000000a0000000, 0x00000000aa500000, 0x00000000e0000000)
  object space 168960K, 34% used [0x00000000a0000000,0x00000000a389be10,0x00000000aa500000)
 Metaspace       used 134052K, capacity 142606K, committed 142680K, reserved 1173504K
  class space    used 17082K, capacity 18552K, committed 18560K, reserved 1048576K
}
Event: 10699.200 GC heap before
{Heap before GC invocations=36 (full 4):
 PSYoungGen      total 328192K, used 313698K [0x00000000e0000000, 0x00000000f6680000, 0x0000000100000000)
  eden space 297472K, 100% used [0x00000000e0000000,0x00000000f2280000,0x00000000f2280000)
  from space 30720K, 52% used [0x00000000f2280000,0x00000000f3258970,0x00000000f4080000)
  to   space 30208K, 0% used [0x00000000f4900000,0x00000000f4900000,0x00000000f6680000)
 ParOldGen       total 168960K, used 57967K [0x00000000a0000000, 0x00000000aa500000, 0x00000000e0000000)
  object space 168960K, 34% used [0x00000000a0000000,0x00000000a389be10,0x00000000aa500000)
 Metaspace       used 138606K, capacity 147324K, committed 147672K, reserved 1177600K
  class space    used 17588K, capacity 19082K, committed 19200K, reserved 1048576K
Event: 10699.222 GC heap after
Heap after GC invocations=36 (full 4):
 PSYoungGen      total 333824K, used 19676K [0x00000000e0000000, 0x00000000f6580000, 0x0000000100000000)
  eden space 304640K, 0% used [0x00000000e0000000,0x00000000e0000000,0x00000000f2980000)
  from space 29184K, 67% used [0x00000000f4900000,0x00000000f5c37308,0x00000000f6580000)
  to   space 30720K, 0% used [0x00000000f2980000,0x00000000f2980000,0x00000000f4780000)
 ParOldGen       total 168960K, used 57975K [0x00000000a0000000, 0x00000000aa500000, 0x00000000e0000000)
  object space 168960K, 34% used [0x00000000a0000000,0x00000000a389de10,0x00000000aa500000)
 Metaspace       used 138606K, capacity 147324K, committed 147672K, reserved 1177600K
  class space    used 17588K, capacity 19082K, committed 19200K, reserved 1048576K
}
Event: 11649.915 GC heap before
{Heap before GC invocations=37 (full 4):
 PSYoungGen      total 333824K, used 308550K [0x00000000e0000000, 0x00000000f6580000, 0x0000000100000000)
  eden space 304640K, 94% used [0x00000000e0000000,0x00000000f1a1a5e0,0x00000000f2980000)
  from space 29184K, 67% used [0x00000000f4900000,0x00000000f5c37308,0x00000000f6580000)
  to   space 30720K, 0% used [0x00000000f2980000,0x00000000f2980000,0x00000000f4780000)
 ParOldGen       total 168960K, used 57975K [0x00000000a0000000, 0x00000000aa500000, 0x00000000e0000000)
  object space 168960K, 34% used [0x00000000a0000000,0x00000000a389de10,0x00000000aa500000)
 Metaspace       used 154132K, capacity 163810K, committed 163928K, reserved 1191936K
  class space    used 19581K, capacity 21267K, committed 21376K, reserved 1048576K
Event: 11650.023 GC heap after
Heap after GC invocations=37 (full 4):
 PSYoungGen      total 335360K, used 30716K [0x00000000e0000000, 0x00000000f7580000, 0x0000000100000000)
  eden space 304640K, 0% used [0x00000000e0000000,0x00000000e0000000,0x00000000f2980000)
  from space 30720K, 99% used [0x00000000f2980000,0x00000000f477f3f0,0x00000000f4780000)
  to   space 36352K, 0% used [0x00000000f5200000,0x00000000f5200000,0x00000000f7580000)
 ParOldGen       total 168960K, used 61380K [0x00000000a0000000, 0x00000000aa500000, 0x00000000e0000000)
  object space 168960K, 36% used [0x00000000a0000000,0x00000000a3bf1170,0x00000000aa500000)
 Metaspace       used 154132K, capacity 163810K, committed 163928K, reserved 1191936K
  class space    used 19581K, capacity 21267K, committed 21376K, reserved 1048576K
}
Event: 11650.023 GC heap before
{Heap before GC invocations=38 (full 5):
 PSYoungGen      total 335360K, used 30716K [0x00000000e0000000, 0x00000000f7580000, 0x0000000100000000)
  eden space 304640K, 0% used [0x00000000e0000000,0x00000000e0000000,0x00000000f2980000)
  from space 30720K, 99% used [0x00000000f2980000,0x00000000f477f3f0,0x00000000f4780000)
  to   space 36352K, 0% used [0x00000000f5200000,0x00000000f5200000,0x00000000f7580000)
 ParOldGen       total 168960K, used 61380K [0x00000000a0000000, 0x00000000aa500000, 0x00000000e0000000)
  object space 168960K, 36% used [0x00000000a0000000,0x00000000a3bf1170,0x00000000aa500000)
 Metaspace       used 154132K, capacity 163810K, committed 163928K, reserved 1191936K
  class space    used 19581K, capacity 21267K, committed 21376K, reserved 1048576K

